<?xml version="1.0" encoding="UTF-8"?>
<!-- Generated by org.testng.reporters.JUnitReportReporter -->
<testsuite hostname="DESKTOP-TO5GAEF" failures="0" tests="3" name="document.documentTest" time="135.850" errors="0" timestamp="31 Jul 2019 14:00:47 GMT" skipped="0">
  <testcase classname="document.documentTest" name="openDoc" time="8.841"/>
  <testcase classname="document.documentTest" name="documentsMulitipleChoice" time="58.752"/>
  <testcase classname="document.documentTest" name="documentsMiddlePane" time="68.257"/>
</testsuite> <!-- document.documentTest -->
