<?xml version="1.0" encoding="UTF-8"?>
<!-- Generated by org.testng.reporters.JUnitReportReporter -->
<testsuite hostname="DESKTOP-TO5GAEF" failures="0" tests="1" name="icu.initializeTest" time="4.248" errors="0" timestamp="25 Jun 2019 08:29:24 GMT" skipped="0">
  <testcase classname="icu.initializeTest" name="ChromeDriver" time="4.248"/>
</testsuite> <!-- icu.initializeTest -->
