<?xml version="1.0" encoding="UTF-8"?>
<!-- Generated by org.testng.reporters.JUnitReportReporter -->
<testsuite hostname="DESKTOP-TO5GAEF" failures="0" tests="2" name="document.documentTest" time="62.146" errors="0" timestamp="29 Jul 2019 11:34:19 GMT" skipped="0">
  <testcase classname="document.documentTest" name="openDoc" time="5.987"/>
  <testcase classname="document.documentTest" name="documentsMulitipleChoice" time="56.159"/>
</testsuite> <!-- document.documentTest -->
