<?xml version="1.0" encoding="UTF-8"?>
<!-- Generated by org.testng.reporters.JUnitReportReporter -->
<testsuite hostname="DESKTOP-TO5GAEF" failures="0" tests="4" name="document.documentTest" time="231.549" errors="0" timestamp="01 Aug 2019 13:03:28 GMT" skipped="0">
  <testcase classname="document.documentTest" name="openDoc" time="14.904"/>
  <testcase classname="document.documentTest" name="documentsMulitipleChoice" time="63.182"/>
  <testcase classname="document.documentTest" name="documentsMiddlePane" time="98.087"/>
  <testcase classname="document.documentTest" name="documentsRightSideOfScreen" time="55.376"/>
</testsuite> <!-- document.documentTest -->
