<?xml version="1.0" encoding="UTF-8"?>
<!-- Generated by org.testng.reporters.JUnitReportReporter -->
<testsuite skipped="0" hostname="israel-HP-ProDesk-600-G2-DM" name="task.tasksTest" tests="4" failures="0" timestamp="08 Aug 2019 07:31:11 GMT" time="241.304" errors="0">
  <testcase name="openDoc" time="14.794" classname="task.tasksTest"/>
  <testcase name="TasksMulitipleChoice" time="84.024" classname="task.tasksTest"/>
  <testcase name="tasksMiddlePane" time="68.547" classname="task.tasksTest"/>
  <testcase name="tasksRightSideOnScreen" time="73.939" classname="task.tasksTest"/>
</testsuite> <!-- task.tasksTest -->
