<?xml version="1.0" encoding="UTF-8"?>
<!-- Generated by org.testng.reporters.JUnitReportReporter -->
<testsuite hostname="DESKTOP-TO5GAEF" failures="0" tests="1" name="InitializeTest" time="7.345" errors="0" timestamp="24 Jun 2019 13:12:03 GMT" skipped="0">
  <testcase classname="InitializeTest" name="ChromeDriver" time="7.345"/>
</testsuite> <!-- InitializeTest -->
