<?xml version="1.0" encoding="UTF-8"?>
<!-- Generated by org.testng.reporters.JUnitReportReporter -->
<testsuite hostname="DESKTOP-TO5GAEF" failures="0" tests="1" name="document.loginTest" time="0.022" errors="0" timestamp="11 Jul 2019 12:48:21 GMT" skipped="0">
  <testcase classname="document.loginTest" name="login" time="0.022"/>
</testsuite> <!-- document.loginTest -->
