<?xml version="1.0" encoding="UTF-8"?>
<!-- Generated by org.testng.reporters.JUnitReportReporter -->
<testsuite hostname="DESKTOP-TO5GAEF" failures="0" tests="3" name="document.documentTest" time="115.054" errors="0" timestamp="30 Jul 2019 14:02:44 GMT" skipped="0">
  <testcase classname="document.documentTest" name="openDoc" time="9.773"/>
  <testcase classname="document.documentTest" name="documentsMulitipleChoice" time="59.645"/>
  <testcase classname="document.documentTest" name="documentsMiddlePane" time="45.636"/>
</testsuite> <!-- document.documentTest -->
