<?xml version="1.0" encoding="UTF-8"?>
<!-- Generated by org.testng.reporters.JUnitReportReporter -->
<testsuite hostname="DESKTOP-TO5GAEF" failures="0" tests="4" name="document.documentTest" time="223.111" errors="0" timestamp="06 Aug 2019 07:08:59 GMT" skipped="0">
  <testcase classname="document.documentTest" name="openDoc" time="15.396"/>
  <testcase classname="document.documentTest" name="documentsMulitipleChoice" time="63.477"/>
  <testcase classname="document.documentTest" name="documentsMiddlePane" time="77.439"/>
  <testcase classname="document.documentTest" name="documentsRightSideOfScreen" time="66.799"/>
</testsuite> <!-- document.documentTest -->
