<?xml version="1.0" encoding="UTF-8"?>
<!-- Generated by org.testng.reporters.JUnitReportReporter -->
<testsuite skipped="0" hostname="israel-HP-ProDesk-600-G2-DM" name="task.tasksTest" tests="3" failures="0" timestamp="07 Aug 2019 11:14:10 GMT" time="167.439" errors="0">
  <testcase name="openDoc" time="14.860" classname="task.tasksTest"/>
  <testcase name="TasksMulitipleChoice" time="75.165" classname="task.tasksTest"/>
  <testcase name="tasksMiddlePane" time="77.414" classname="task.tasksTest"/>
</testsuite> <!-- task.tasksTest -->
