<?xml version="1.0" encoding="UTF-8"?>
<!-- Generated by org.testng.reporters.JUnitReportReporter -->
<testsuite hostname="DESKTOP-TO5GAEF" failures="0" tests="2" name="document.documentTest" time="50.016" errors="0" timestamp="18 Jul 2019 09:36:46 GMT" skipped="0">
  <testcase classname="document.documentTest" name="openDoc" time="6.197"/>
  <testcase classname="document.documentTest" name="documentsMulitipleChoice" time="43.819"/>
</testsuite> <!-- document.documentTest -->
