<?xml version="1.0" encoding="UTF-8"?>
<!-- Generated by org.testng.reporters.JUnitReportReporter -->
<testsuite ignored="0" hostname="DESKTOP-TO5GAEF" failures="0" tests="1" name="InitializeTest" time="3.118" errors="0" timestamp="24 Jun 2019 12:27:59 GMT" skipped="0">
  <testcase classname="InitializeTest" name="ChromeDriver" time="3.118"/>
</testsuite> <!-- InitializeTest -->
