<?xml version="1.0" encoding="UTF-8"?>
<!-- Generated by org.testng.reporters.JUnitReportReporter -->
<testsuite ignored="0" hostname="DESKTOP-TO5GAEF" failures="0" tests="1" name="icu.initializeTest" time="8.356" errors="0" timestamp="25 Jun 2019 11:31:30 GMT" skipped="0">
  <testcase classname="icu.initializeTest" name="ChromeDriver" time="8.356"/>
</testsuite> <!-- icu.initializeTest -->
