<?xml version="1.0" encoding="UTF-8"?>
<!-- Generated by org.testng.reporters.JUnitReportReporter -->
<testsuite ignored="0" hostname="israel-HP-ProDesk-600-G2-DM" failures="0" tests="1" name="offices.officesTest" time="3.710" errors="0" timestamp="25 Dec 2019 11:32:54 GMT" skipped="0">
  <testcase classname="offices.officesTest" name="deleteMultipleChoice" time="3.710"/>
</testsuite> <!-- offices.officesTest -->
